   Resolving package versions...
  No Changes to `~/.julia/environments/v1.10/Project.toml`
  No Changes to `~/.julia/environments/v1.10/Manifest.toml`
   Resolving package versions...
   Resolving package versions...
Precompiling project...
   Resolving package versions...
  ? ApproxFun
  No Changes to `~/.julia/environments/v1.10/Project.toml`
  No Changes to `~/.julia/environments/v1.10/Manifest.toml`
  ? TracyWidomBeta
   Resolving package versions...
  No Changes to `~/.julia/environments/v1.10/Project.toml`
  No Changes to `~/.julia/environments/v1.10/Manifest.toml`
Precompiling project...
  ? ApproxFun
Precompiling project...
  ? TracyWidomBeta
   Resolving package versions...
  No Changes to `~/.julia/environments/v1.10/Project.toml`
  No Changes to `~/.julia/environments/v1.10/Manifest.toml`
Precompiling project...
    ApproxFun Being precompiled by another machine (hostname: n3118, pid: 39637, pidfile: /mmfs1/home/cyounes/.julia/compiled/v1.10/ApproxFun/jGqLz_bfW0y.ji.pidfile)
  ? ApproxFun
  ✓ ApproxFun
    TracyWidomBeta Being precompiled by another machine (hostname: n3118, pid: 39637, pidfile: /mmfs1/home/cyounes/.julia/compiled/v1.10/TracyWidomBeta/bvPLg_bfW0y.ji.pidfile)
  ? TracyWidomBeta
   Resolving package versions...
  No Changes to `~/.julia/environments/v1.10/Project.toml`
  No Changes to `~/.julia/environments/v1.10/Manifest.toml`
Precompiling project...
  ✓ TracyWidomBeta
  2 dependencies successfully precompiled in 43 seconds. 285 already precompiled.
  2 dependencies had output during precompilation:
┌ ApproxFun
│  WARNING: Method definition eigvals(ApproxFunBase.Operator{T} where T, Integer) in module ApproxFunBase at /mmfs1/home/cyounes/.julia/packages/ApproxFunBase/wPgxd/src/eigen.jl:4 overwritten in module ApproxFun at /mmfs1/home/cyounes/.julia/packages/ApproxFun/GDlBJ/src/Extras/eigs.jl:4.
│  ERROR: Method overwriting is not permitted during Module precompilation. Use `__precompile__(false)` to opt-out of precompilation.
└  
┌ TracyWidomBeta
│  WARNING: Method definition eigvals(ApproxFunBase.Operator{T} where T, Integer) in module ApproxFunBase at /mmfs1/home/cyounes/.julia/packages/ApproxFunBase/wPgxd/src/eigen.jl:4 overwritten in module ApproxFun at /mmfs1/home/cyounes/.julia/packages/ApproxFun/GDlBJ/src/Extras/eigs.jl:4.
│  ERROR: Method overwriting is not permitted during Module precompilation. Use `__precompile__(false)` to opt-out of precompilation.
└  
   Resolving package versions...
  No Changes to `~/.julia/environments/v1.10/Project.toml`
  No Changes to `~/.julia/environments/v1.10/Manifest.toml`
Precompiling project...
    ApproxFun Being precompiled by another machine (hostname: n3118, pid: 39637, pidfile: /mmfs1/home/cyounes/.julia/compiled/v1.10/ApproxFun/jGqLz_bfW0y.ji.pidfile)
  ? ApproxFun
  ✓ ApproxFun
    TracyWidomBeta Being precompiled by another machine (hostname: n3118, pid: 39637, pidfile: /mmfs1/home/cyounes/.julia/compiled/v1.10/TracyWidomBeta/bvPLg_bfW0y.ji.pidfile)
  ? TracyWidomBeta
   Resolving package versions...
  ✓ TracyWidomBeta
  2 dependencies successfully precompiled in 44 seconds. 285 already precompiled.
  2 dependencies had output during precompilation:
┌ ApproxFun
│  WARNING: Method definition eigvals(ApproxFunBase.Operator{T} where T, Integer) in module ApproxFunBase at /mmfs1/home/cyounes/.julia/packages/ApproxFunBase/wPgxd/src/eigen.jl:4 overwritten in module ApproxFun at /mmfs1/home/cyounes/.julia/packages/ApproxFun/GDlBJ/src/Extras/eigs.jl:4.
│  ERROR: Method overwriting is not permitted during Module precompilation. Use `__precompile__(false)` to opt-out of precompilation.
└  
┌ TracyWidomBeta
│  WARNING: Method definition eigvals(ApproxFunBase.Operator{T} where T, Integer) in module ApproxFunBase at /mmfs1/home/cyounes/.julia/packages/ApproxFunBase/wPgxd/src/eigen.jl:4 overwritten in module ApproxFun at /mmfs1/home/cyounes/.julia/packages/ApproxFun/GDlBJ/src/Extras/eigs.jl:4.
│  ERROR: Method overwriting is not permitted during Module precompilation. Use `__precompile__(false)` to opt-out of precompilation.
└  
   Resolving package versions...
  No Changes to `~/.julia/environments/v1.10/Project.toml`
  No Changes to `~/.julia/environments/v1.10/Manifest.toml`
Precompiling project...
  ? ApproxFun
  ? TracyWidomBeta
   Resolving package versions...
  No Changes to `~/.julia/environments/v1.10/Project.toml`
  No Changes to `~/.julia/environments/v1.10/Manifest.toml`
Precompiling project...
  ? ApproxFun
  ? TracyWidomBeta
   Resolving package versions...
  No Changes to `~/.julia/environments/v1.10/Project.toml`
  No Changes to `~/.julia/environments/v1.10/Manifest.toml`
Precompiling project...
  ? ApproxFun
  ? TracyWidomBeta
   Resolving package versions...
  No Changes to `~/.julia/environments/v1.10/Project.toml`
  No Changes to `~/.julia/environments/v1.10/Manifest.toml`
Precompiling project...
  ? ApproxFun
  ? TracyWidomBeta
Warning: Permanently added 'n3063,10.64.65.63' (ECDSA) to the list of known hosts.
Warning: Permanently added 'n3118,10.64.65.118' (ECDSA) to the list of known hosts.
Warning: Permanently added 'n3295,10.64.66.39' (ECDSA) to the list of known hosts.
  No Changes to `~/.julia/environments/v1.10/Project.toml`
  No Changes to `~/.julia/environments/v1.10/Manifest.toml`
  No Changes to `~/.julia/environments/v1.10/Project.toml`
  No Changes to `~/.julia/environments/v1.10/Manifest.toml`
Precompiling project...
  ? ApproxFun
  ? TracyWidomBeta
   Resolving package versions...
Precompiling project...
  ? ApproxFun
  ? TracyWidomBeta
   Resolving package versions...
  No Changes to `~/.julia/environments/v1.10/Project.toml`
  No Changes to `~/.julia/environments/v1.10/Manifest.toml`
  No Changes to `~/.julia/environments/v1.10/Project.toml`
  No Changes to `~/.julia/environments/v1.10/Manifest.toml`
  No Changes to `~/.julia/environments/v1.10/Project.toml`
  No Changes to `~/.julia/environments/v1.10/Manifest.toml`
Precompiling project...
Precompiling project...
    ApproxFun Being precompiled by another machine (hostname: n3118, pid: 39637, pidfile: /mmfs1/home/cyounes/.julia/compiled/v1.10/ApproxFun/jGqLz_bfW0y.ji.pidfile)
Precompiling project...
    ApproxFun Being precompiled by another machine (hostname: n3118, pid: 39637, pidfile: /mmfs1/home/cyounes/.julia/compiled/v1.10/ApproxFun/jGqLz_bfW0y.ji.pidfile)
  ? ApproxFun
  ✓ ApproxFun
    TracyWidomBeta Being precompiled by another machine (hostname: n3118, pid: 39637, pidfile: /mmfs1/home/cyounes/.julia/compiled/v1.10/TracyWidomBeta/bvPLg_bfW0y.ji.pidfile)
  ✓ ApproxFun
    TracyWidomBeta Being precompiled by another machine (hostname: n3118, pid: 39637, pidfile: /mmfs1/home/cyounes/.julia/compiled/v1.10/TracyWidomBeta/bvPLg_bfW0y.ji.pidfile)
  ? TracyWidomBeta
   Resolving package versions...
  No Changes to `~/.julia/environments/v1.10/Project.toml`
  No Changes to `~/.julia/environments/v1.10/Manifest.toml`
Precompiling project...
    ApproxFun Being precompiled by another machine (hostname: n3063, pid: 50592, pidfile: /mmfs1/home/cyounes/.julia/compiled/v1.10/ApproxFun/jGqLz_bfW0y.ji.pidfile)
  ✓ TracyWidomBeta
  2 dependencies successfully precompiled in 147 seconds. 285 already precompiled.
  2 dependencies had output during precompilation:
┌ ApproxFun
│  WARNING: Method definition eigvals(ApproxFunBase.Operator{T} where T, Integer) in module ApproxFunBase at /mmfs1/home/cyounes/.julia/packages/ApproxFunBase/wPgxd/src/eigen.jl:4 overwritten in module ApproxFun at /mmfs1/home/cyounes/.julia/packages/ApproxFun/GDlBJ/src/Extras/eigs.jl:4.
│  ERROR: Method overwriting is not permitted during Module precompilation. Use `__precompile__(false)` to opt-out of precompilation.
└  
┌ TracyWidomBeta
│  WARNING: Method definition eigvals(ApproxFunBase.Operator{T} where T, Integer) in module ApproxFunBase at /mmfs1/home/cyounes/.julia/packages/ApproxFunBase/wPgxd/src/eigen.jl:4 overwritten in module ApproxFun at /mmfs1/home/cyounes/.julia/packages/ApproxFun/GDlBJ/src/Extras/eigs.jl:4.
│  ERROR: Method overwriting is not permitted during Module precompilation. Use `__precompile__(false)` to opt-out of precompilation.
└  
   Resolving package versions...
  No Changes to `~/.julia/environments/v1.10/Project.toml`
  No Changes to `~/.julia/environments/v1.10/Manifest.toml`
  ✓ ApproxFun
    TracyWidomBeta Being precompiled by another machine (hostname: n3295, pid: 98341, pidfile: /mmfs1/home/cyounes/.julia/compiled/v1.10/TracyWidomBeta/bvPLg_bfW0y.ji.pidfile)
Precompiling project...
    ApproxFun Being precompiled by another machine (hostname: n3295, pid: 1582, pidfile: /mmfs1/home/cyounes/.julia/compiled/v1.10/ApproxFun/jGqLz_bfW0y.ji.pidfile)
  ✓ TracyWidomBeta
  2 dependencies successfully precompiled in 163 seconds. 285 already precompiled.
  2 dependencies had output during precompilation:
┌ ApproxFun
│  WARNING: Method definition eigvals(ApproxFunBase.Operator{T} where T, Integer) in module ApproxFunBase at /mmfs1/home/cyounes/.julia/packages/ApproxFunBase/wPgxd/src/eigen.jl:4 overwritten in module ApproxFun at /mmfs1/home/cyounes/.julia/packages/ApproxFun/GDlBJ/src/Extras/eigs.jl:4.
│  ERROR: Method overwriting is not permitted during Module precompilation. Use `__precompile__(false)` to opt-out of precompilation.
└  
┌ TracyWidomBeta
│  WARNING: Method definition eigvals(ApproxFunBase.Operator{T} where T, Integer) in module ApproxFunBase at /mmfs1/home/cyounes/.julia/packages/ApproxFunBase/wPgxd/src/eigen.jl:4 overwritten in module ApproxFun at /mmfs1/home/cyounes/.julia/packages/ApproxFun/GDlBJ/src/Extras/eigs.jl:4.
│  ERROR: Method overwriting is not permitted during Module precompilation. Use `__precompile__(false)` to opt-out of precompilation.
└  
   Resolving package versions...
  ✓ TracyWidomBeta
  2 dependencies successfully precompiled in 74 seconds. 285 already precompiled.
  2 dependencies had output during precompilation:
┌ ApproxFun
│  WARNING: Method definition eigvals(ApproxFunBase.Operator{T} where T, Integer) in module ApproxFunBase at /mmfs1/home/cyounes/.julia/packages/ApproxFunBase/wPgxd/src/eigen.jl:4 overwritten in module ApproxFun at /mmfs1/home/cyounes/.julia/packages/ApproxFun/GDlBJ/src/Extras/eigs.jl:4.
│  ERROR: Method overwriting is not permitted during Module precompilation. Use `__precompile__(false)` to opt-out of precompilation.
└  
┌ TracyWidomBeta
│  WARNING: Method definition eigvals(ApproxFunBase.Operator{T} where T, Integer) in module ApproxFunBase at /mmfs1/home/cyounes/.julia/packages/ApproxFunBase/wPgxd/src/eigen.jl:4 overwritten in module ApproxFun at /mmfs1/home/cyounes/.julia/packages/ApproxFun/GDlBJ/src/Extras/eigs.jl:4.
│  ERROR: Method overwriting is not permitted during Module precompilation. Use `__precompile__(false)` to opt-out of precompilation.
└  
   Resolving package versions...
  ✓ ApproxFun
  No Changes to `~/.julia/environments/v1.10/Project.toml`
  No Changes to `~/.julia/environments/v1.10/Manifest.toml`
Precompiling project...
    ApproxFun Being precompiled by another machine (hostname: n3063, pid: 50864, pidfile: /mmfs1/home/cyounes/.julia/compiled/v1.10/ApproxFun/jGqLz_bfW0y.ji.pidfile)
  ? TracyWidomBeta
  1 dependency successfully precompiled in 85 seconds. 285 already precompiled.
  1 dependency failed but may be precompilable after restarting julia
  2 dependencies had output during precompilation:
┌ ApproxFun
│  WARNING: Method definition eigvals(ApproxFunBase.Operator{T} where T, Integer) in module ApproxFunBase at /mmfs1/home/cyounes/.julia/packages/ApproxFunBase/wPgxd/src/eigen.jl:4 overwritten in module ApproxFun at /mmfs1/home/cyounes/.julia/packages/ApproxFun/GDlBJ/src/Extras/eigs.jl:4.
│  ERROR: Method overwriting is not permitted during Module precompilation. Use `__precompile__(false)` to opt-out of precompilation.
└  
┌ TracyWidomBeta
│  WARNING: Method definition eigvals(ApproxFunBase.Operator{T} where T, Integer) in module ApproxFunBase at /mmfs1/home/cyounes/.julia/packages/ApproxFunBase/wPgxd/src/eigen.jl:4 overwritten in module ApproxFun at /mmfs1/home/cyounes/.julia/packages/ApproxFun/GDlBJ/src/Extras/eigs.jl:4.
│  ERROR: Method overwriting is not permitted during Module precompilation. Use `__precompile__(false)` to opt-out of precompilation.
└  
   Resolving package versions...
  ✓ ApproxFun
  ? TracyWidomBeta
  1 dependency successfully precompiled in 45 seconds. 285 already precompiled.
  1 dependency failed but may be precompilable after restarting julia
  2 dependencies had output during precompilation:
┌ ApproxFun
│  WARNING: Method definition eigvals(ApproxFunBase.Operator{T} where T, Integer) in module ApproxFunBase at /mmfs1/home/cyounes/.julia/packages/ApproxFunBase/wPgxd/src/eigen.jl:4 overwritten in module ApproxFun at /mmfs1/home/cyounes/.julia/packages/ApproxFun/GDlBJ/src/Extras/eigs.jl:4.
│  ERROR: Method overwriting is not permitted during Module precompilation. Use `__precompile__(false)` to opt-out of precompilation.
└  
┌ TracyWidomBeta
│  WARNING: Method definition eigvals(ApproxFunBase.Operator{T} where T, Integer) in module ApproxFunBase at /mmfs1/home/cyounes/.julia/packages/ApproxFunBase/wPgxd/src/eigen.jl:4 overwritten in module ApproxFun at /mmfs1/home/cyounes/.julia/packages/ApproxFun/GDlBJ/src/Extras/eigs.jl:4.
│  ERROR: Method overwriting is not permitted during Module precompilation. Use `__precompile__(false)` to opt-out of precompilation.
└  
   Resolving package versions...
  No Changes to `~/.julia/environments/v1.10/Project.toml`
  No Changes to `~/.julia/environments/v1.10/Manifest.toml`
  No Changes to `~/.julia/environments/v1.10/Project.toml`
  No Changes to `~/.julia/environments/v1.10/Manifest.toml`
Precompiling project...
Precompiling project...
    ApproxFun Being precompiled by another machine (hostname: n3063, pid: 47844, pidfile: /mmfs1/home/cyounes/.julia/compiled/v1.10/ApproxFun/jGqLz_bfW0y.ji.pidfile)
  ? ApproxFun
  ✓ ApproxFun
    TracyWidomBeta Being precompiled by another machine (hostname: n3063, pid: 47844, pidfile: /mmfs1/home/cyounes/.julia/compiled/v1.10/TracyWidomBeta/bvPLg_bfW0y.ji.pidfile)
  ? TracyWidomBeta
   Resolving package versions...
  ✓ TracyWidomBeta
  2 dependencies successfully precompiled in 71 seconds. 285 already precompiled.
  2 dependencies had output during precompilation:
┌ ApproxFun
│  WARNING: Method definition eigvals(ApproxFunBase.Operator{T} where T, Integer) in module ApproxFunBase at /mmfs1/home/cyounes/.julia/packages/ApproxFunBase/wPgxd/src/eigen.jl:4 overwritten in module ApproxFun at /mmfs1/home/cyounes/.julia/packages/ApproxFun/GDlBJ/src/Extras/eigs.jl:4.
│  ERROR: Method overwriting is not permitted during Module precompilation. Use `__precompile__(false)` to opt-out of precompilation.
└  
┌ TracyWidomBeta
│  WARNING: Method definition eigvals(ApproxFunBase.Operator{T} where T, Integer) in module ApproxFunBase at /mmfs1/home/cyounes/.julia/packages/ApproxFunBase/wPgxd/src/eigen.jl:4 overwritten in module ApproxFun at /mmfs1/home/cyounes/.julia/packages/ApproxFun/GDlBJ/src/Extras/eigs.jl:4.
│  ERROR: Method overwriting is not permitted during Module precompilation. Use `__precompile__(false)` to opt-out of precompilation.
└  
   Resolving package versions...
  No Changes to `~/.julia/environments/v1.10/Project.toml`
  No Changes to `~/.julia/environments/v1.10/Manifest.toml`
Precompiling project...
  ? ApproxFun
  ? TracyWidomBeta
   Resolving package versions...
  No Changes to `~/.julia/environments/v1.10/Project.toml`
  No Changes to `~/.julia/environments/v1.10/Manifest.toml`
Precompiling project...
  ? ApproxFun
  ? TracyWidomBeta
  No Changes to `~/.julia/environments/v1.10/Project.toml`
  No Changes to `~/.julia/environments/v1.10/Manifest.toml`
Precompiling project...
  ? ApproxFun
  ? TracyWidomBeta
   Resolving package versions...
  No Changes to `~/.julia/environments/v1.10/Project.toml`
  No Changes to `~/.julia/environments/v1.10/Manifest.toml`
Precompiling project...
  No Changes to `~/.julia/environments/v1.10/Project.toml`
  No Changes to `~/.julia/environments/v1.10/Manifest.toml`
  ? ApproxFun
  ? TracyWidomBeta
   Resolving package versions...
Precompiling project...
  No Changes to `~/.julia/environments/v1.10/Project.toml`
  No Changes to `~/.julia/environments/v1.10/Manifest.toml`
  ? ApproxFun
  ? TracyWidomBeta
   Resolving package versions...
Precompiling project...
  ? ApproxFun
  No Changes to `~/.julia/environments/v1.10/Project.toml`
  No Changes to `~/.julia/environments/v1.10/Manifest.toml`
  ? TracyWidomBeta
   Resolving package versions...
  No Changes to `~/.julia/environments/v1.10/Project.toml`
  No Changes to `~/.julia/environments/v1.10/Manifest.toml`
Precompiling project...
  ? ApproxFun
Precompiling project...
  ? ApproxFun
    TracyWidomBeta Being precompiled by another machine (hostname: n3063, pid: 47844, pidfile: /mmfs1/home/cyounes/.julia/compiled/v1.10/TracyWidomBeta/bvPLg_bfW0y.ji.pidfile)
  ? TracyWidomBeta
   Resolving package versions...
  No Changes to `~/.julia/environments/v1.10/Project.toml`
  No Changes to `~/.julia/environments/v1.10/Manifest.toml`
  ✓ TracyWidomBeta
  1 dependency successfully precompiled in 54 seconds. 285 already precompiled.
  1 dependency failed but may be precompilable after restarting julia
  2 dependencies had output during precompilation:
┌ ApproxFun
│  WARNING: Method definition eigvals(ApproxFunBase.Operator{T} where T, Integer) in module ApproxFunBase at /mmfs1/home/cyounes/.julia/packages/ApproxFunBase/wPgxd/src/eigen.jl:4 overwritten in module ApproxFun at /mmfs1/home/cyounes/.julia/packages/ApproxFun/GDlBJ/src/Extras/eigs.jl:4.
│  ERROR: Method overwriting is not permitted during Module precompilation. Use `__precompile__(false)` to opt-out of precompilation.
└  
┌ TracyWidomBeta
│  WARNING: Method definition eigvals(ApproxFunBase.Operator{T} where T, Integer) in module ApproxFunBase at /mmfs1/home/cyounes/.julia/packages/ApproxFunBase/wPgxd/src/eigen.jl:4 overwritten in module ApproxFun at /mmfs1/home/cyounes/.julia/packages/ApproxFun/GDlBJ/src/Extras/eigs.jl:4.
│  ERROR: Method overwriting is not permitted during Module precompilation. Use `__precompile__(false)` to opt-out of precompilation.
└  
   Resolving package versions...
  No Changes to `~/.julia/environments/v1.10/Project.toml`
  No Changes to `~/.julia/environments/v1.10/Manifest.toml`
Precompiling project...
  ? ApproxFun
Precompiling project...
    ApproxFun Being precompiled by another machine (hostname: n3063, pid: 53111, pidfile: /mmfs1/home/cyounes/.julia/compiled/v1.10/ApproxFun/jGqLz_bfW0y.ji.pidfile)
  ? TracyWidomBeta
   Resolving package versions...
  No Changes to `~/.julia/environments/v1.10/Project.toml`
  No Changes to `~/.julia/environments/v1.10/Manifest.toml`
  ✓ ApproxFun
  ? TracyWidomBeta
  1 dependency successfully precompiled in 45 seconds. 285 already precompiled.
  1 dependency failed but may be precompilable after restarting julia
  2 dependencies had output during precompilation:
┌ ApproxFun
│  WARNING: Method definition eigvals(ApproxFunBase.Operator{T} where T, Integer) in module ApproxFunBase at /mmfs1/home/cyounes/.julia/packages/ApproxFunBase/wPgxd/src/eigen.jl:4 overwritten in module ApproxFun at /mmfs1/home/cyounes/.julia/packages/ApproxFun/GDlBJ/src/Extras/eigs.jl:4.
│  ERROR: Method overwriting is not permitted during Module precompilation. Use `__precompile__(false)` to opt-out of precompilation.
└  
┌ TracyWidomBeta
│  WARNING: Method definition eigvals(ApproxFunBase.Operator{T} where T, Integer) in module ApproxFunBase at /mmfs1/home/cyounes/.julia/packages/ApproxFunBase/wPgxd/src/eigen.jl:4 overwritten in module ApproxFun at /mmfs1/home/cyounes/.julia/packages/ApproxFun/GDlBJ/src/Extras/eigs.jl:4.
│  ERROR: Method overwriting is not permitted during Module precompilation. Use `__precompile__(false)` to opt-out of precompilation.
└  
   Resolving package versions...
Precompiling project...
  No Changes to `~/.julia/environments/v1.10/Project.toml`
  No Changes to `~/.julia/environments/v1.10/Manifest.toml`
  ? ApproxFun
  ? TracyWidomBeta
Precompiling project...
  ? ApproxFun
  ? TracyWidomBeta
Block 2 with d=0.5 and N=6500
Block 2 with d=0.5 and N=6500
Block 2 with d=0.5 and N=7000
Block 2 with d=0.5 and N=6500
Block 2 with d=0.5 and N=6500
Block 2 with d=0.5 and N=7000
Block 2 with d=0.5 and N=7500
Block 2 with d=0.5 and N=7000
Block 2 with d=0.5 and N=7000
Block 2 with d=0.5 and N=7500
Block 2 with d=0.5 and N=7500
Block 2 with d=0.5 and N=8000
Block 2 with d=0.5 and N=7500
Block 2 with d=0.5 and N=8000
Block 2 with d=0.5 and N=8000
Block 2 with d=0.9 and N=6500
Block 2 with d=0.5 and N=8000
Block 2 with d=0.9 and N=6500
Block 2 with d=0.9 and N=6500
Block 2 with d=0.9 and N=6500
Block 2 with d=0.9 and N=7000
Block 2 with d=0.9 and N=7000
Block 2 with d=0.9 and N=7000
Block 2 with d=0.9 and N=7000
Block 2 with d=0.9 and N=7500
Block 2 with d=0.9 and N=7500
Block 2 with d=0.9 and N=7500
Block 2 with d=0.9 and N=7500
Block 2 with d=0.9 and N=8000
Block 2 with d=0.9 and N=8000
Block 2 with d=0.9 and N=8000
Block 2 with d=0.9 and N=8000
